[2025-10-10 09:19:13] Page not found: server
[2025-10-10 09:19:26] Page not found: server
[2025-10-10 10:40:12] Page not found: server
[2025-10-13 04:32:54] Page not found: server
[2025-10-13 04:33:01] Page not found: server
[2025-10-13 04:59:13] Error [2] in C:\laragon\www\chandusoft\admin\header.php at line 5: Constant SITE_HOME already defined
[2025-10-14 05:12:01] Page not found: index.php
[2025-10-14 05:14:33] Error [8] in C:\laragon\www\chandusoft\admin\pages.php at line 2: session_start(): Ignoring session_start() because a session is already active (started from C:\laragon\www\chandusoft\app\config.php on line 4)
[2025-10-18 07:35:08] ✅ Successful login: sai@gmail.com
[2025-10-18 07:45:11] ✅ Successful login: sai@gmail.com
[2025-10-18 09:00:15] ✅ Successful login: sai@gmail.com
[2025-10-18 09:14:06] ✅ Successful login: sai@gmail.com
[2025-10-18 09:28:43] Page not found: index.php
[2025-10-18 09:35:07] Page not found: index.php
[2025-10-18 09:42:56] Page not found: index.php
[2025-10-18 09:42:59] Page not found: index.php
[2025-10-18 09:44:40] Page not found: index.php
[2025-10-18 09:47:14] Page not found: index.php
[2025-10-18 09:47:50] Page not found: index.php
[2025-10-18 10:02:23] ✅ Successful login: sai@gmail.com
[2025-10-18 10:03:26] Page not found: index.php
[2025-10-18 10:11:16] ✅ Successful login: sai@gmail.com
[2025-10-18 10:37:57] ✅ Successful login: sai@gmail.com
[2025-10-18 10:43:08] Page not found: index.php
[2025-10-18 10:43:09] Page not found: index.php
[2025-10-18 10:44:16] Page not found: index.php
[2025-10-18 10:44:24] Page not found: index.php
[2025-10-18 10:49:40] Page not found: index.php
[2025-10-18 10:49:46] Page not found: index.php
[2025-10-18 10:51:35] Page not found: index.php
[2025-10-18 10:55:06] Page not found: index.php
[2025-10-18 10:55:08] Page not found: index.php
[2025-10-18 10:55:10] Page not found: index.php
[2025-10-18 10:55:10] Page not found: index.php
[2025-10-18 10:55:11] Page not found: index.php
[2025-10-18 10:58:35] ✅ Successful login: sai@gmail.com
[2025-10-18 11:02:51] Page not found: index.php
[2025-10-18 11:02:52] Page not found: index.php
[2025-10-18 11:22:14] ✅ Successful login: sai@gmail.com
[2025-10-20 02:34:03] Page not found: index.php
[2025-10-20 02:34:05] Page not found: index.php
[2025-10-20 02:37:25] Page not found: index.php
[2025-10-20 04:22:45] ✅ Successful login: sai@gmail.com
[2025-10-20 05:49:47] ✅ Successful login: sai@gmail.com
[2025-10-20 05:51:53] ✅ Successful login: saleem@gmail.com
[2025-10-20 07:12:34] ✅ Successful login: sai@gmail.com
[2025-10-20 09:04:11] Catalog item updated: Bird (ID: 5)
[2025-10-20 09:08:58] Catalog item updated: PIC (ID: 4)
[2025-10-20 09:34:18] Catalog item updated: rrr (ID: 7)
[2025-10-20 09:59:41] Catalog item updated: rrr (ID: 7)
[2025-10-20 10:00:23] Catalog item updated: Bird (ID: 5)
[2025-10-20 10:00:50] Catalog item updated: Be A Game Changer (ID: 3)
[2025-10-20 10:01:12] Catalog item updated: Be A Game Changer (ID: 1)
[2025-10-22 04:14:17] Catalog item updated: tttt (ID: 12)
[2025-10-22 04:17:38] Catalog item updated: tttt (ID: 12)
[2025-10-22 04:17:43] Catalog item updated: tttt (ID: 12)
[2025-10-22 04:33:35] Catalog item created: wax (ID: 14)
[2025-10-22 06:33:42] ✅ Successful login: sai@gmail.com
[2025-10-22 07:38:19] Catalog item created: Nature (ID: 15)
[2025-10-22 07:59:15] Enquiry submitted for item #15 by kohli@gmail.com
[2025-10-22 08:51:12] Catalog item updated: Nature (ID: 15)
[2025-10-22 09:16:07] Catalog item created: Sample (ID: 17)
[2025-10-22 09:32:18] Catalog item created: zxcvbn (ID: 19)
[2025-10-22 10:58:28] Catalog item updated: tttt (ID: 11)
[2025-10-22 10:59:06] Catalog item updated: rrr (ID: 7)
[2025-10-22 10:59:30] Catalog item updated: Bird (ID: 5)
[2025-10-22 10:59:51] Catalog item updated: Be A Game Changer (ID: 3)
[2025-10-22 11:02:02] Catalog item created: Windows (ID: 20)
[2025-10-22 11:06:18] Catalog item created: Bird1 (ID: 21)
[2025-10-22 11:22:35] Catalog item created: Tiger (ID: 22)
[2025-10-23 02:52:41] Catalog item updated: rat (ID: 23)
[2025-10-23 05:51:04] ✅ Successful login: sai@gmail.com
[2025-10-23 06:22:33] ✅ Successful login: sai@gmail.com
[2025-10-23 06:24:21] Catalog item updated: PIC (ID: 4)
[2025-10-23 06:37:51] ✅ Successful login: sai@gmail.com
[2025-10-23 06:51:37] ✅ Successful login: sai@gmail.com
[2025-10-23 06:59:53] ✅ Successful login: sai@gmail.com
[2025-10-23 07:25:32] ✅ Successful login: sai@gmail.com
[2025-10-23 08:40:23] ✅ Successful login: sai@gmail.com
[2025-10-23 08:53:29] ✅ Successful login: sai@gmail.com
[2025-10-23 10:10:53] ✅ Successful login: sai@gmail.com
[2025-10-23 11:17:13] ✅ Successful login: sai@gmail.com
[2025-10-24 03:28:53] ✅ Successful login: sai@gmail.com
[2025-10-24 04:01:34] Enquiry submitted for item #31 by rrr@gmail.com
[2025-10-24 04:57:22] ✅ Successful login: sai@gmail.com
[2025-10-24 04:59:52] ✅ Successful login: sai@gmail.com
[2025-10-24 08:54:03] ✅ Successful login: sai@gmail.com
[2025-10-24 09:10:12] ✅ Successful login: sai@gmail.com
[2025-10-24 09:16:44] ✅ Successful login: sai@gmail.com
[2025-10-24 09:22:33] ✅ Successful login: sai@gmail.com
[2025-10-24 09:40:28] ✅ Successful login: sai@gmail.com
[2025-10-24 09:42:46] ✅ Successful login: sai@gmail.com
[2025-10-24 09:45:49] ✅ Successful login: sai@gmail.com
[2025-10-24 10:42:41] ✅ Successful login: sai@gmail.com
[2025-10-24 10:47:00] ✅ Successful login: sai@gmail.com
