[2025-10-29 08:50:40][✅ Admin Logged In] Email: sai@gmail.com
IP Address: 127.0.0.1
Time: 2025-10-29 08:50:40
[2025-10-29 08:50:43][Catalog List Viewed] Admin ID: 9
[2025-10-29 08:52:27][New Contact Form Submission] Name: AJIO
Email: ajio@gmail.com
Message: About AJIO.
[2025-10-29 08:58:49][✅ Admin Logged In] Email: sai@gmail.com
IP Address: 127.0.0.1
Time: 2025-10-29 08:58:49
[2025-10-29 09:25:46][NOTICE: Page Status Changed - Python] Page Title: Python
Slug: python
Status: published
Updated By: Sai I
Time: 2025-10-29 09:25 AM
[2025-10-29 09:42:34][New Contact Form Submission] Name: CSE
Email: cse@gmail.com
Message: About CSE Branch.
[2025-10-29 09:46:09][✅ Admin Logged In] Email: sai@gmail.com
IP Address: 127.0.0.1
Time: 2025-10-29 09:46:09
[2025-10-29 09:53:18][New User Registered] Email: js@gmail.com
[2025-10-29 09:54:22][Registration Failed - Email Exists] Email: java@gmail.com
[2025-10-29 09:54:55][✅ Admin Logged In] Email: saleem@gmail.com
IP Address: 127.0.0.1
Time: 2025-10-29 09:54:55
[2025-10-29 10:05:36][✅ editor Logged In] Email: saleem@gmail.com
Role: editor
IP Address: 127.0.0.1
Time: 2025-10-29 10:05:36
[2025-10-29 10:08:14][New Enquiry | Blog2 (#33)] 
                Product: Blog2 (#33)<br>
                Name: ttt<br>
                Email: tt@gmail.com<br>
                Message: tttt<br>
                Time: 2025-10-29 10:08:14
            
[2025-10-29 10:09:33][✅ editor Logged In] Email: saleem@gmail.com
Role: editor
IP Address: 127.0.0.1
Time: 2025-10-29 10:09:32
[2025-10-29 10:09:58][✅ admin Logged In] Email: sai@gmail.com
Role: admin
IP Address: 127.0.0.1
Time: 2025-10-29 10:09:57
[2025-10-29 10:10:04][Catalog List Viewed] Admin ID: 9
[2025-10-29 10:10:50][Catalog List Viewed] Admin ID: 9
[2025-10-29 10:11:03][Catalog Item Updated: Blog2] ID: 33 | Slug: blog2 | Admin ID: 9
[2025-10-29 10:11:06][Catalog List Viewed] Admin ID: 9
[2025-10-29 10:11:19][Catalog Item Archived] Item ID: 33 | Admin ID: 9
[2025-10-29 10:11:19][Catalog List Viewed] Admin ID: 9
[2025-10-29 10:11:22][Archived Catalog Viewed] Viewed by Admin ID: 9
[2025-10-29 10:11:34][Archived Catalog Viewed] Viewed by Admin ID: 9
[2025-10-29 10:11:35][Catalog Item Restored] Item ID: 33 restored by Admin ID: 9
[2025-10-29 10:11:35][Archived Catalog Viewed] Viewed by Admin ID: 9
[2025-10-29 10:11:37][Archived Catalog Viewed] Viewed by Admin ID: 9
[2025-10-29 10:22:31][Catalog List Viewed] Admin ID: 9
[2025-10-29 10:22:46][✅ editor Logged In] Email: saleem@gmail.comRole: editorIP Address: 127.0.0.1Time: 2025-10-29 10:22:46
[2025-10-29 10:23:38][✅ admin Logged In] Email: sai@gmail.comRole: adminIP Address: 127.0.0.1Time: 2025-10-29 10:23:37
